0 info it worked if it ends with ok
1 verbose cli [
1 verbose cli   '/usr/bin/node',
1 verbose cli   '/usr/bin/npm',
1 verbose cli   'install',
1 verbose cli   '@polymer/render-status.js'
1 verbose cli ]
2 info using npm@3.10.10
3 info using node@v12.13.1
4 silly loadCurrentTree Starting
5 silly install loadCurrentTree
6 silly install readLocalPackageData
7 silly fetchPackageMetaData @polymer/render-status.js
8 silly fetchNamedPackageData @polymer/render-status.js
9 silly mapToRegistry name @polymer/render-status.js
10 silly mapToRegistry scope (from package name) @polymer
11 verbose mapToRegistry no registry URL found in name for scope @polymer
12 silly mapToRegistry using default registry
13 silly mapToRegistry registry https://registry.npmjs.org/
14 silly mapToRegistry data Result {
14 silly mapToRegistry   raw: '@polymer/render-status.js',
14 silly mapToRegistry   scope: '@polymer',
14 silly mapToRegistry   escapedName: '@polymer%2frender-status.js',
14 silly mapToRegistry   name: '@polymer/render-status.js',
14 silly mapToRegistry   rawSpec: '',
14 silly mapToRegistry   spec: 'latest',
14 silly mapToRegistry   type: 'tag'
14 silly mapToRegistry }
15 silly mapToRegistry uri https://registry.npmjs.org/@polymer%2frender-status.js
16 verbose request uri https://registry.npmjs.org/@polymer%2frender-status.js
17 verbose request no auth needed
18 info attempt registry request try #1 at 16:16:48
19 verbose request id 509d57b5801d8175
20 http request GET https://registry.npmjs.org/@polymer%2frender-status.js
21 http 404 https://registry.npmjs.org/@polymer%2frender-status.js
22 verbose headers {
22 verbose headers   date: 'Thu, 06 Feb 2020 15:16:49 GMT',
22 verbose headers   'content-type': 'application/json',
22 verbose headers   'content-length': '21',
22 verbose headers   connection: 'keep-alive',
22 verbose headers   'set-cookie': [
22 verbose headers     '__cfduid=d95a75ee96fdb8787211ca2a49054188a1581002208; expires=Sat, 07-Mar-20 15:16:48 GMT; path=/; domain=.npmjs.org; HttpOnly; SameSite=Lax'
22 verbose headers   ],
22 verbose headers   'expect-ct': 'max-age=604800, report-uri="https://report-uri.cloudflare.com/cdn-cgi/beacon/expect-ct"',
22 verbose headers   vary: 'Accept-Encoding',
22 verbose headers   server: 'cloudflare',
22 verbose headers   'cf-ray': '560e165bbe536918-CDG'
22 verbose headers }
23 silly get cb [
23 silly get   404,
23 silly get   {
23 silly get     date: 'Thu, 06 Feb 2020 15:16:49 GMT',
23 silly get     'content-type': 'application/json',
23 silly get     'content-length': '21',
23 silly get     connection: 'keep-alive',
23 silly get     'set-cookie': [
23 silly get       '__cfduid=d95a75ee96fdb8787211ca2a49054188a1581002208; expires=Sat, 07-Mar-20 15:16:48 GMT; path=/; domain=.npmjs.org; HttpOnly; SameSite=Lax'
23 silly get     ],
23 silly get     'expect-ct': 'max-age=604800, report-uri="https://report-uri.cloudflare.com/cdn-cgi/beacon/expect-ct"',
23 silly get     vary: 'Accept-Encoding',
23 silly get     server: 'cloudflare',
23 silly get     'cf-ray': '560e165bbe536918-CDG'
23 silly get   }
23 silly get ]
24 silly fetchPackageMetaData Error: Not found : @polymer/render-status.js
24 silly fetchPackageMetaData     at makeError (/usr/lib/node_modules/npm/node_modules/npm-registry-client/lib/request.js:302:12)
24 silly fetchPackageMetaData     at CachingRegistryClient.<anonymous> (/usr/lib/node_modules/npm/node_modules/npm-registry-client/lib/request.js:290:14)
24 silly fetchPackageMetaData     at Request._callback (/usr/lib/node_modules/npm/node_modules/npm-registry-client/lib/request.js:210:14)
24 silly fetchPackageMetaData     at Request.self.callback (/usr/lib/node_modules/npm/node_modules/request/request.js:187:22)
24 silly fetchPackageMetaData     at Request.emit (events.js:210:5)
24 silly fetchPackageMetaData     at Request.<anonymous> (/usr/lib/node_modules/npm/node_modules/request/request.js:1048:10)
24 silly fetchPackageMetaData     at Request.emit (events.js:210:5)
24 silly fetchPackageMetaData     at IncomingMessage.<anonymous> (/usr/lib/node_modules/npm/node_modules/request/request.js:969:12)
24 silly fetchPackageMetaData     at IncomingMessage.emit (events.js:215:7)
24 silly fetchPackageMetaData     at endReadableNT (_stream_readable.js:1184:12)
24 silly fetchPackageMetaData  error for @polymer/render-status.js Error: Not found : @polymer/render-status.js
24 silly fetchPackageMetaData     at makeError (/usr/lib/node_modules/npm/node_modules/npm-registry-client/lib/request.js:302:12)
24 silly fetchPackageMetaData     at CachingRegistryClient.<anonymous> (/usr/lib/node_modules/npm/node_modules/npm-registry-client/lib/request.js:290:14)
24 silly fetchPackageMetaData     at Request._callback (/usr/lib/node_modules/npm/node_modules/npm-registry-client/lib/request.js:210:14)
24 silly fetchPackageMetaData     at Request.self.callback (/usr/lib/node_modules/npm/node_modules/request/request.js:187:22)
24 silly fetchPackageMetaData     at Request.emit (events.js:210:5)
24 silly fetchPackageMetaData     at Request.<anonymous> (/usr/lib/node_modules/npm/node_modules/request/request.js:1048:10)
24 silly fetchPackageMetaData     at Request.emit (events.js:210:5)
24 silly fetchPackageMetaData     at IncomingMessage.<anonymous> (/usr/lib/node_modules/npm/node_modules/request/request.js:969:12)
24 silly fetchPackageMetaData     at IncomingMessage.emit (events.js:215:7)
24 silly fetchPackageMetaData     at endReadableNT (_stream_readable.js:1184:12) {
24 silly fetchPackageMetaData   pkgid: '@polymer/render-status.js',
24 silly fetchPackageMetaData   statusCode: 404,
24 silly fetchPackageMetaData   code: 'E404'
24 silly fetchPackageMetaData }
25 silly rollbackFailedOptional Starting
26 silly rollbackFailedOptional Finishing
27 silly runTopLevelLifecycles Finishing
28 silly install printInstalled
29 verbose stack Error: Not found : @polymer/render-status.js
29 verbose stack     at makeError (/usr/lib/node_modules/npm/node_modules/npm-registry-client/lib/request.js:302:12)
29 verbose stack     at CachingRegistryClient.<anonymous> (/usr/lib/node_modules/npm/node_modules/npm-registry-client/lib/request.js:290:14)
29 verbose stack     at Request._callback (/usr/lib/node_modules/npm/node_modules/npm-registry-client/lib/request.js:210:14)
29 verbose stack     at Request.self.callback (/usr/lib/node_modules/npm/node_modules/request/request.js:187:22)
29 verbose stack     at Request.emit (events.js:210:5)
29 verbose stack     at Request.<anonymous> (/usr/lib/node_modules/npm/node_modules/request/request.js:1048:10)
29 verbose stack     at Request.emit (events.js:210:5)
29 verbose stack     at IncomingMessage.<anonymous> (/usr/lib/node_modules/npm/node_modules/request/request.js:969:12)
29 verbose stack     at IncomingMessage.emit (events.js:215:7)
29 verbose stack     at endReadableNT (_stream_readable.js:1184:12)
30 verbose statusCode 404
31 verbose pkgid @polymer/render-status.js
32 verbose cwd /home/thibaultmalik/Documents/eurotunnel
33 error Linux 4.15.0-20-generic
34 error argv "/usr/bin/node" "/usr/bin/npm" "install" "@polymer/render-status.js"
35 error node v12.13.1
36 error npm  v3.10.10
37 error code E404
38 error 404 Not found : @polymer/render-status.js
39 error 404
40 error 404 '@polymer/render-status.js' is not in the npm registry.
41 error 404 You should bug the author to publish it (or use the name yourself!)
42 error 404 Note that you can also install from a
43 error 404 tarball, folder, http url, or git url.
44 verbose exit [ 1, true ]
